<?xml version="1.0" encoding="UTF-8"?>
<testng-results skipped="0" failed="0" total="1" passed="1">
  <reporter-output>
  </reporter-output>
  <suite name="Default suite" duration-ms="3812" started-at="2016-07-25T16:01:27Z" finished-at="2016-07-25T16:01:30Z">
    <groups>
    </groups>
    <test name="Default test" duration-ms="3812" started-at="2016-07-25T16:01:27Z" finished-at="2016-07-25T16:01:30Z">
      <class name="top.fzqblog.test.service.ShuoShuoServiceTest">
        <test-method status="PASS" signature="springTestContextBeforeTestClass()[pri:0, instance:top.fzqblog.test.service.ShuoShuoServiceTest@4923ab24]" name="springTestContextBeforeTestClass" is-config="true" duration-ms="13" started-at="2016-07-26T00:01:27Z" finished-at="2016-07-26T00:01:27Z">
          <reporter-output>
          </reporter-output>
        </test-method> <!-- springTestContextBeforeTestClass -->
        <test-method status="PASS" signature="springTestContextPrepareTestInstance()[pri:0, instance:top.fzqblog.test.service.ShuoShuoServiceTest@4923ab24]" name="springTestContextPrepareTestInstance" is-config="true" duration-ms="3430" started-at="2016-07-26T00:01:27Z" depends-on-methods="org.springframework.test.context.testng.AbstractTestNGSpringContextTests.springTestContextBeforeTestClass" finished-at="2016-07-26T00:01:30Z">
          <reporter-output>
          </reporter-output>
        </test-method> <!-- springTestContextPrepareTestInstance -->
        <test-method status="PASS" signature="springTestContextBeforeTestMethod(java.lang.reflect.Method)[pri:0, instance:top.fzqblog.test.service.ShuoShuoServiceTest@4923ab24]" name="springTestContextBeforeTestMethod" is-config="true" duration-ms="2" started-at="2016-07-26T00:01:30Z" finished-at="2016-07-26T00:01:30Z">
          <params>
            <param index="0">
              <value>
                <![CDATA[public void top.fzqblog.test.service.ShuoShuoServiceTest.doLikeTest() throws top.fzqblog.exception.BussinessException]]>
              </value>
            </param>
          </params>
          <reporter-output>
          </reporter-output>
        </test-method> <!-- springTestContextBeforeTestMethod -->
        <test-method status="PASS" signature="doLikeTest()[pri:0, instance:top.fzqblog.test.service.ShuoShuoServiceTest@4923ab24]" name="doLikeTest" duration-ms="343" started-at="2016-07-26T00:01:30Z" finished-at="2016-07-26T00:01:30Z">
          <reporter-output>
          </reporter-output>
        </test-method> <!-- doLikeTest -->
        <test-method status="PASS" signature="springTestContextAfterTestMethod(java.lang.reflect.Method)[pri:0, instance:top.fzqblog.test.service.ShuoShuoServiceTest@4923ab24]" name="springTestContextAfterTestMethod" is-config="true" duration-ms="2" started-at="2016-07-26T00:01:30Z" finished-at="2016-07-26T00:01:30Z">
          <params>
            <param index="0">
              <value>
                <![CDATA[public void top.fzqblog.test.service.ShuoShuoServiceTest.doLikeTest() throws top.fzqblog.exception.BussinessException]]>
              </value>
            </param>
          </params>
          <reporter-output>
          </reporter-output>
        </test-method> <!-- springTestContextAfterTestMethod -->
        <test-method status="PASS" signature="springTestContextAfterTestClass()[pri:0, instance:top.fzqblog.test.service.ShuoShuoServiceTest@4923ab24]" name="springTestContextAfterTestClass" is-config="true" duration-ms="1" started-at="2016-07-26T00:01:30Z" finished-at="2016-07-26T00:01:30Z">
          <reporter-output>
          </reporter-output>
        </test-method> <!-- springTestContextAfterTestClass -->
      </class> <!-- top.fzqblog.test.service.ShuoShuoServiceTest -->
    </test> <!-- Default test -->
  </suite> <!-- Default suite -->
</testng-results>
